app/build/intermediates/manifest_merge_blame_file/debug/manifest-merger-blame-debug-report.txt
1<?xml version="1.0" encoding="utf-8"?>
2<manifest xmlns:android="http://schemas.android.com/apk/res/android"
3    package="com.example.examen"
4    android:versionCode="1"
5    android:versionName="1.0" >
6
7    <uses-sdk
8        android:minSdkVersion="22"
8-->src\main\AndroidManifest.xml
9        android:targetSdkVersion="32" />
9-->src\main\AndroidManifest.xml
10
11    <application
11-->src\main\AndroidManifest.xml:5:5-44:19
12        android:allowBackup="true"
12-->src\main\AndroidManifest.xml:6:9-35
13        android:appComponentFactory="androidx.core.app.CoreComponentFactory"
13-->[androidx.core:core:1.8.0] AndroidManifest.xml:24:18-86
14        android:dataExtractionRules="@xml/data_extraction_rules"
14-->src\main\AndroidManifest.xml:7:9-65
15        android:debuggable="true"
16        android:fullBackupContent="@xml/backup_rules"
16-->src\main\AndroidManifest.xml:8:9-54
17        android:icon="@mipmap/ic_launcher"
17-->src\main\AndroidManifest.xml:9:9-43
18        android:label="@string/app_name"
18-->src\main\AndroidManifest.xml:10:9-41
19        android:roundIcon="@mipmap/ic_launcher_round"
19-->src\main\AndroidManifest.xml:11:9-54
20        android:supportsRtl="true"
20-->src\main\AndroidManifest.xml:12:9-35
21        android:testOnly="true"
22        android:theme="@style/Theme.Examen" >
22-->src\main\AndroidManifest.xml:13:9-44
23        <activity
23-->src\main\AndroidManifest.xml:15:9-21:20
24            android:name="com.example.examen.Form"
24-->src\main\AndroidManifest.xml:16:13-33
25            android:exported="false" >
25-->src\main\AndroidManifest.xml:17:13-37
26            <meta-data
26-->src\main\AndroidManifest.xml:18:13-20:36
27                android:name="android.app.lib_name"
27-->src\main\AndroidManifest.xml:19:17-52
28                android:value="" />
28-->src\main\AndroidManifest.xml:20:17-33
29        </activity>
30        <activity
30-->src\main\AndroidManifest.xml:22:9-30:20
31            android:name="com.example.examen.NewProduct"
31-->src\main\AndroidManifest.xml:23:13-39
32            android:exported="false"
32-->src\main\AndroidManifest.xml:24:13-37
33            android:label="@string/title_activity_new_product"
33-->src\main\AndroidManifest.xml:25:13-63
34            android:theme="@style/Theme.Examen.NoActionBar" >
34-->src\main\AndroidManifest.xml:26:13-60
35            <meta-data
35-->src\main\AndroidManifest.xml:18:13-20:36
36                android:name="android.app.lib_name"
36-->src\main\AndroidManifest.xml:19:17-52
37                android:value="" />
37-->src\main\AndroidManifest.xml:20:17-33
38        </activity>
39        <activity
39-->src\main\AndroidManifest.xml:31:9-43:20
40            android:name="com.example.examen.MainActivity"
40-->src\main\AndroidManifest.xml:32:13-41
41            android:exported="true" >
41-->src\main\AndroidManifest.xml:33:13-36
42            <intent-filter>
42-->src\main\AndroidManifest.xml:34:13-38:29
43                <action android:name="android.intent.action.MAIN" />
43-->src\main\AndroidManifest.xml:35:17-69
43-->src\main\AndroidManifest.xml:35:25-66
44
45                <category android:name="android.intent.category.LAUNCHER" />
45-->src\main\AndroidManifest.xml:37:17-77
45-->src\main\AndroidManifest.xml:37:27-74
46            </intent-filter>
47
48            <meta-data
48-->src\main\AndroidManifest.xml:18:13-20:36
49                android:name="android.app.lib_name"
49-->src\main\AndroidManifest.xml:19:17-52
50                android:value="" />
50-->src\main\AndroidManifest.xml:20:17-33
51        </activity>
52
53        <provider
53-->[androidx.emoji2:emoji2:1.2.0] AndroidManifest.xml:24:9-32:20
54            android:name="androidx.startup.InitializationProvider"
54-->[androidx.emoji2:emoji2:1.2.0] AndroidManifest.xml:25:13-67
55            android:authorities="com.example.examen.androidx-startup"
55-->[androidx.emoji2:emoji2:1.2.0] AndroidManifest.xml:26:13-68
56            android:exported="false" >
56-->[androidx.emoji2:emoji2:1.2.0] AndroidManifest.xml:27:13-37
57            <meta-data
57-->[androidx.emoji2:emoji2:1.2.0] AndroidManifest.xml:29:13-31:52
58                android:name="androidx.emoji2.text.EmojiCompatInitializer"
58-->[androidx.emoji2:emoji2:1.2.0] AndroidManifest.xml:30:17-75
59                android:value="androidx.startup" />
59-->[androidx.emoji2:emoji2:1.2.0] AndroidManifest.xml:31:17-49
60            <meta-data
60-->[androidx.lifecycle:lifecycle-process:2.4.1] AndroidManifest.xml:31:13-33:52
61                android:name="androidx.lifecycle.ProcessLifecycleInitializer"
61-->[androidx.lifecycle:lifecycle-process:2.4.1] AndroidManifest.xml:32:17-78
62                android:value="androidx.startup" />
62-->[androidx.lifecycle:lifecycle-process:2.4.1] AndroidManifest.xml:33:17-49
63        </provider>
64    </application>
65
66</manifest>